{"timestamp":"2026-06-20T21:53:26.766321Z","level":"info","event":"::group::Pre Execute","logger":"task","filename":"task_runner.py","lineno":1926}
{"timestamp":"2026-06-20T21:53:29.035026Z","level":"info","event":"DAG bundles loaded: dags-folder, example_dags","run_id":"manual__2026-06-20T21:53:15.850817+00:00","dag_id":"currency_pipeline","ti_id":"019ee706-1484-7822-ad25-7de4d6aaca6e","try_number":1,"task_id":"load_to_postgres","map_index":-1,"logger":"airflow.dag_processing.bundles.manager.DagBundlesManager","filename":"manager.py","lineno":209}
{"timestamp":"2026-06-20T21:53:29.040766Z","level":"info","event":"Filling up the DagBag from /opt/airflow/dags/currency_pipeline.py","run_id":"manual__2026-06-20T21:53:15.850817+00:00","dag_id":"currency_pipeline","ti_id":"019ee706-1484-7822-ad25-7de4d6aaca6e","try_number":1,"task_id":"load_to_postgres","map_index":-1,"logger":"airflow.dag_processing.dagbag.BundleDagBag","filename":"dagbag.py","lineno":469}
{"timestamp":"2026-06-20T21:53:29.360266Z","level":"info","event":"Task instance is in running state","logger":"task.stdout"}
{"timestamp":"2026-06-20T21:53:29.363514Z","level":"info","event":" Previous state of the Task instance: TaskInstanceState.QUEUED","logger":"task.stdout"}
{"timestamp":"2026-06-20T21:53:29.364992Z","level":"info","event":"Current task name:load_to_postgres","logger":"task.stdout"}
{"timestamp":"2026-06-20T21:53:29.366359Z","level":"info","event":"Dag name:currency_pipeline","logger":"task.stdout"}
{"timestamp":"2026-06-20T21:53:29.370392Z","level":"info","event":"loading 3 records to postgres","logger":"task.stdout"}
{"timestamp":"2026-06-20T21:53:29.360405Z","level":"info","event":"::endgroup::","run_id":"manual__2026-06-20T21:53:15.850817+00:00","dag_id":"currency_pipeline","ti_id":"019ee706-1484-7822-ad25-7de4d6aaca6e","try_number":1,"task_id":"load_to_postgres","map_index":-1,"logger":"task","filename":"task_runner.py","lineno":1727}
{"timestamp":"2026-06-20T21:53:29.430298Z","level":"info","event":"database error: there is no unique or exclusion constraint matching the ON CONFLICT specification","logger":"task.stdout"}
{"timestamp":"2026-06-20T21:53:29.437341Z","level":"info","event":"","logger":"task.stdout"}
{"timestamp":"2026-06-20T21:53:29.439402Z","level":"info","event":"connection closed","logger":"task.stdout"}
{"timestamp":"2026-06-20T21:53:29.431293Z","level":"error","event":"Task failed with exception","run_id":"manual__2026-06-20T21:53:15.850817+00:00","dag_id":"currency_pipeline","ti_id":"019ee706-1484-7822-ad25-7de4d6aaca6e","try_number":1,"task_id":"load_to_postgres","map_index":-1,"logger":"task","filename":"task_runner.py","lineno":1381,"error_detail":[{"exc_type":"InvalidColumnReference","exc_value":"there is no unique or exclusion constraint matching the ON CONFLICT specification\n","exc_notes":[],"syntax_error":null,"is_cause":false,"frames":[{"filename":"/home/airflow/.local/lib/python3.13/site-packages/airflow/sdk/execution_time/task_runner.py","lineno":1287,"name":"run"},{"filename":"/home/airflow/.local/lib/python3.13/site-packages/airflow/sdk/execution_time/task_runner.py","lineno":1745,"name":"_execute_task"},{"filename":"/home/airflow/.local/lib/python3.13/site-packages/airflow/sdk/bases/operator.py","lineno":443,"name":"wrapper"},{"filename":"/home/airflow/.local/lib/python3.13/site-packages/airflow/sdk/bases/decorator.py","lineno":398,"name":"execute"},{"filename":"/home/airflow/.local/lib/python3.13/site-packages/airflow/sdk/bases/operator.py","lineno":443,"name":"wrapper"},{"filename":"/home/airflow/.local/lib/python3.13/site-packages/airflow/providers/standard/operators/python.py","lineno":231,"name":"execute"},{"filename":"/home/airflow/.local/lib/python3.13/site-packages/airflow/providers/standard/operators/python.py","lineno":254,"name":"execute_callable"},{"filename":"/home/airflow/.local/lib/python3.13/site-packages/airflow/sdk/execution_time/callback_runner.py","lineno":97,"name":"run"},{"filename":"/opt/airflow/dags/currency_pipeline.py","lineno":95,"name":"load_to_postgres"}],"is_group":false,"exceptions":[]}]}
{"timestamp":"2026-06-20T21:53:29.435415Z","level":"info","event":"::group::Post Execute","run_id":"manual__2026-06-20T21:53:15.850817+00:00","dag_id":"currency_pipeline","ti_id":"019ee706-1484-7822-ad25-7de4d6aaca6e","try_number":1,"task_id":"load_to_postgres","map_index":-1,"logger":"task","filename":"task_runner.py","lineno":1382}
{"timestamp":"2026-06-20T21:53:30.007352Z","level":"info","event":"Task instance in failure state","logger":"task.stdout"}
{"timestamp":"2026-06-20T21:53:30.009615Z","level":"info","event":"Task start","logger":"task.stdout"}
{"timestamp":"2026-06-20T21:53:30.013871Z","level":"info","event":"Task:<Task(_PythonDecoratedOperator): load_to_postgres>","logger":"task.stdout"}
{"timestamp":"2026-06-20T21:53:30.015527Z","level":"info","event":"Failure caused by there is no unique or exclusion constraint matching the ON CONFLICT specification","logger":"task.stdout"}
{"timestamp":"2026-06-20T21:53:30.017009Z","level":"info","event":"","logger":"task.stdout"}
{"timestamp":"2026-06-20T21:53:30.005486Z","level":"info","event":"::endgroup::","run_id":"manual__2026-06-20T21:53:15.850817+00:00","dag_id":"currency_pipeline","ti_id":"019ee706-1484-7822-ad25-7de4d6aaca6e","try_number":1,"task_id":"load_to_postgres","map_index":-1,"logger":"task","filename":"task_runner.py","lineno":1896}
