{"timestamp":"2026-06-20T21:54:31.137116Z","level":"info","event":"::group::Pre Execute","logger":"task","filename":"task_runner.py","lineno":1926}
{"timestamp":"2026-06-20T21:54:31.948976Z","level":"info","event":"DAG bundles loaded: dags-folder, example_dags","task_id":"load_to_postgres","map_index":-1,"dag_id":"currency_pipeline","try_number":2,"ti_id":"019ee706-4ab4-7030-a807-7140658fcd38","run_id":"manual__2026-06-20T21:53:15.850817+00:00","logger":"airflow.dag_processing.bundles.manager.DagBundlesManager","filename":"manager.py","lineno":209}
{"timestamp":"2026-06-20T21:54:31.957572Z","level":"info","event":"Filling up the DagBag from /opt/airflow/dags/currency_pipeline.py","task_id":"load_to_postgres","map_index":-1,"dag_id":"currency_pipeline","try_number":2,"ti_id":"019ee706-4ab4-7030-a807-7140658fcd38","run_id":"manual__2026-06-20T21:53:15.850817+00:00","logger":"airflow.dag_processing.dagbag.BundleDagBag","filename":"dagbag.py","lineno":469}
{"timestamp":"2026-06-20T21:54:32.111694Z","level":"info","event":"Task instance is in running state","logger":"task.stdout"}
{"timestamp":"2026-06-20T21:54:32.113050Z","level":"info","event":" Previous state of the Task instance: TaskInstanceState.QUEUED","logger":"task.stdout"}
{"timestamp":"2026-06-20T21:54:32.113840Z","level":"info","event":"Current task name:load_to_postgres","logger":"task.stdout"}
{"timestamp":"2026-06-20T21:54:32.114574Z","level":"info","event":"Dag name:currency_pipeline","logger":"task.stdout"}
{"timestamp":"2026-06-20T21:54:32.112535Z","level":"info","event":"::endgroup::","task_id":"load_to_postgres","map_index":-1,"dag_id":"currency_pipeline","try_number":2,"ti_id":"019ee706-4ab4-7030-a807-7140658fcd38","run_id":"manual__2026-06-20T21:53:15.850817+00:00","logger":"task","filename":"task_runner.py","lineno":1727}
{"timestamp":"2026-06-20T21:54:32.116459Z","level":"info","event":"loading 3 records to postgres","logger":"task.stdout"}
{"timestamp":"2026-06-20T21:54:32.131935Z","level":"info","event":"database error: there is no unique or exclusion constraint matching the ON CONFLICT specification","logger":"task.stdout"}
{"timestamp":"2026-06-20T21:54:32.133035Z","level":"info","event":"","logger":"task.stdout"}
{"timestamp":"2026-06-20T21:54:32.133969Z","level":"info","event":"connection closed","logger":"task.stdout"}
{"timestamp":"2026-06-20T21:54:32.132458Z","level":"error","event":"Task failed with exception","task_id":"load_to_postgres","map_index":-1,"dag_id":"currency_pipeline","try_number":2,"ti_id":"019ee706-4ab4-7030-a807-7140658fcd38","run_id":"manual__2026-06-20T21:53:15.850817+00:00","logger":"task","filename":"task_runner.py","lineno":1381,"error_detail":[{"exc_type":"InvalidColumnReference","exc_value":"there is no unique or exclusion constraint matching the ON CONFLICT specification\n","exc_notes":[],"syntax_error":null,"is_cause":false,"frames":[{"filename":"/home/airflow/.local/lib/python3.13/site-packages/airflow/sdk/execution_time/task_runner.py","lineno":1287,"name":"run"},{"filename":"/home/airflow/.local/lib/python3.13/site-packages/airflow/sdk/execution_time/task_runner.py","lineno":1745,"name":"_execute_task"},{"filename":"/home/airflow/.local/lib/python3.13/site-packages/airflow/sdk/bases/operator.py","lineno":443,"name":"wrapper"},{"filename":"/home/airflow/.local/lib/python3.13/site-packages/airflow/sdk/bases/decorator.py","lineno":398,"name":"execute"},{"filename":"/home/airflow/.local/lib/python3.13/site-packages/airflow/sdk/bases/operator.py","lineno":443,"name":"wrapper"},{"filename":"/home/airflow/.local/lib/python3.13/site-packages/airflow/providers/standard/operators/python.py","lineno":231,"name":"execute"},{"filename":"/home/airflow/.local/lib/python3.13/site-packages/airflow/providers/standard/operators/python.py","lineno":254,"name":"execute_callable"},{"filename":"/home/airflow/.local/lib/python3.13/site-packages/airflow/sdk/execution_time/callback_runner.py","lineno":97,"name":"run"},{"filename":"/opt/airflow/dags/currency_pipeline.py","lineno":95,"name":"load_to_postgres"}],"is_group":false,"exceptions":[]}]}
{"timestamp":"2026-06-20T21:54:32.133245Z","level":"info","event":"::group::Post Execute","task_id":"load_to_postgres","map_index":-1,"dag_id":"currency_pipeline","try_number":2,"ti_id":"019ee706-4ab4-7030-a807-7140658fcd38","run_id":"manual__2026-06-20T21:53:15.850817+00:00","logger":"task","filename":"task_runner.py","lineno":1382}
{"timestamp":"2026-06-20T21:54:32.585094Z","level":"info","event":"Task instance in failure state","logger":"task.stdout"}
{"timestamp":"2026-06-20T21:54:32.586534Z","level":"info","event":"Task start","logger":"task.stdout"}
{"timestamp":"2026-06-20T21:54:32.590021Z","level":"info","event":"Task:<Task(_PythonDecoratedOperator): load_to_postgres>","logger":"task.stdout"}
{"timestamp":"2026-06-20T21:54:32.591800Z","level":"info","event":"Failure caused by there is no unique or exclusion constraint matching the ON CONFLICT specification","logger":"task.stdout"}
{"timestamp":"2026-06-20T21:54:32.593000Z","level":"info","event":"","logger":"task.stdout"}
{"timestamp":"2026-06-20T21:54:32.586398Z","level":"info","event":"::endgroup::","task_id":"load_to_postgres","map_index":-1,"dag_id":"currency_pipeline","try_number":2,"ti_id":"019ee706-4ab4-7030-a807-7140658fcd38","run_id":"manual__2026-06-20T21:53:15.850817+00:00","logger":"task","filename":"task_runner.py","lineno":1896}
